------------------------------------------------------------------------------------------------------------------------

[2022-05-06 01:17:27 #1 store] 
Database 'E:\DAM1Alu7\Programacion\UD09 _BDOO\db\empleados.odb' is opened by 12764@DESKTOP-U3H3V3J

[2022-05-06 01:17:27 #2 store] 
Configuration path: ?

[2022-05-06 01:17:27 #3 type] 
Type empleados.DepartamentoEntity is not enhanced.

[2022-05-06 01:17:27 #4 type] 
Type empleados.EmpleadoEntity is not enhanced.

[2022-05-06 01:17:27 #5 store] 
Database 'E:\DAM1Alu7\Programacion\UD09 _BDOO\db\empleados.odb' is closed by 12764@DESKTOP-U3H3V3J

------------------------------------------------------------------------------------------------------------------------

[2022-05-06 01:20:30 #1 store] 
Database 'E:\DAM1Alu7\Programacion\UD09 _BDOO\db\empleados.odb' is opened by 5196@DESKTOP-U3H3V3J

[2022-05-06 01:20:30 #2 store] 
Configuration path: ?

[2022-05-06 01:20:30 #3 type] 
Type empleados.DepartamentoEntity is not enhanced.

[2022-05-06 01:20:30 #4 type] 
Type empleados.EmpleadoEntity is not enhanced.

[2022-05-06 01:20:31 #5 store] 
Database 'E:\DAM1Alu7\Programacion\UD09 _BDOO\db\empleados.odb' is closed by 5196@DESKTOP-U3H3V3J

------------------------------------------------------------------------------------------------------------------------

[2022-05-06 01:22:00 #1 store] 
Database 'E:\DAM1Alu7\Programacion\UD09 _BDOO\db\empleados.odb' is opened by 13932@DESKTOP-U3H3V3J

[2022-05-06 01:22:00 #2 store] 
Configuration path: ?

[2022-05-06 01:22:00 #3 type] 
Type empleados.DepartamentoEntity is not enhanced.

[2022-05-06 01:22:00 #4 type] 
Type empleados.EmpleadoEntity is not enhanced.

------------------------------------------------------------------------------------------------------------------------

[2022-05-06 01:23:39 #1 store] 
Database 'E:\DAM1Alu7\Programacion\UD09 _BDOO\db\empleados.odb' is opened by 4680@DESKTOP-U3H3V3J

[2022-05-06 01:23:39 #2 store] 
Configuration path: ?

[2022-05-06 01:23:39 #3 type] 
Type empleados.DepartamentoEntity is not enhanced.

[2022-05-06 01:23:39 #4 type] 
Type empleados.EmpleadoEntity is not enhanced.

[2022-05-06 01:23:39 #5 store] 
Database 'E:\DAM1Alu7\Programacion\UD09 _BDOO\db\empleados.odb' is closed by 4680@DESKTOP-U3H3V3J

------------------------------------------------------------------------------------------------------------------------

[2022-05-06 01:23:42 #1 store] 
Database 'E:\DAM1Alu7\Programacion\UD09 _BDOO\db\empleados.odb' is opened by 14012@DESKTOP-U3H3V3J

[2022-05-06 01:23:42 #2 store] 
Configuration path: ?

[2022-05-06 01:23:42 #3 type] 
Type empleados.DepartamentoEntity is not enhanced.

[2022-05-06 01:23:42 #4 type] 
Type empleados.EmpleadoEntity is not enhanced.

------------------------------------------------------------------------------------------------------------------------

[2022-05-06 01:23:54 #1 store] 
Database 'E:\DAM1Alu7\Programacion\UD09 _BDOO\db\empleados.odb' is opened by 2476@DESKTOP-U3H3V3J

[2022-05-06 01:23:54 #2 store] 
Configuration path: ?

[2022-05-06 01:23:54 #3 type] 
Type empleados.DepartamentoEntity is not enhanced.

[2022-05-06 01:23:54 #4 type] 
Type empleados.EmpleadoEntity is not enhanced.

[2022-05-06 01:23:54 #5 store] 
Database 'E:\DAM1Alu7\Programacion\UD09 _BDOO\db\empleados.odb' is closed by 2476@DESKTOP-U3H3V3J

------------------------------------------------------------------------------------------------------------------------

[2022-05-06 01:30:46 #1 store] 
Database 'E:\DAM1Alu7\Programacion\UD09 _BDOO\db\empleados.odb' is opened by 12360@DESKTOP-U3H3V3J

[2022-05-06 01:30:46 #2 store] 
Configuration path: ?

[2022-05-06 01:30:46 #3 type] 
Type empleados.DepartamentoEntity is not enhanced.

[2022-05-06 01:30:46 #4 type] 
Type empleados.EmpleadoEntity is not enhanced.

------------------------------------------------------------------------------------------------------------------------

[2022-05-06 01:35:22 #1 store] 
Database 'E:\DAM1Alu7\Programacion\UD09 _BDOO\db\empleados.odb' is opened by 12076@DESKTOP-U3H3V3J

[2022-05-06 01:35:22 #2 store] 
Configuration path: ?

[2022-05-06 01:35:22 #3 type] 
Type empleados.DepartamentoEntity is not enhanced.

[2022-05-06 01:35:22 #4 type] 
Type empleados.EmpleadoEntity is not enhanced.

[2022-05-06 01:35:22 #5 store] 
Database 'E:\DAM1Alu7\Programacion\UD09 _BDOO\db\empleados.odb' is closed by 12076@DESKTOP-U3H3V3J

------------------------------------------------------------------------------------------------------------------------

[2022-05-06 01:36:17 #1 store] 
Database 'E:\DAM1Alu7\Programacion\UD09 _BDOO\db\empleados.odb' is opened by 13576@DESKTOP-U3H3V3J

[2022-05-06 01:36:17 #2 store] 
Configuration path: ?

[2022-05-06 01:36:17 #3 type] 
Type empleados.DepartamentoEntity is not enhanced.

[2022-05-06 01:36:17 #4 type] 
Type empleados.EmpleadoEntity is not enhanced.

[2022-05-06 01:36:17 #5 store] 
Database 'E:\DAM1Alu7\Programacion\UD09 _BDOO\db\empleados.odb' is closed by 13576@DESKTOP-U3H3V3J

------------------------------------------------------------------------------------------------------------------------

[2022-05-06 01:37:30 #1 store] 
Database 'E:\DAM1Alu7\Programacion\UD09 _BDOO\db\empleados.odb' is opened by 9964@DESKTOP-U3H3V3J

[2022-05-06 01:37:30 #2 store] 
Configuration path: ?

[2022-05-06 01:37:30 #3 type] 
Type empleados.DepartamentoEntity is not enhanced.

[2022-05-06 01:37:30 #4 type] 
Type empleados.EmpleadoEntity is not enhanced.

[2022-05-06 01:37:30 #5 store] 
Database 'E:\DAM1Alu7\Programacion\UD09 _BDOO\db\empleados.odb' is closed by 9964@DESKTOP-U3H3V3J

------------------------------------------------------------------------------------------------------------------------

[2022-05-06 01:37:57 #1 store] 
Database 'E:\DAM1Alu7\Programacion\UD09 _BDOO\db\empleados.odb' is opened by 9788@DESKTOP-U3H3V3J

[2022-05-06 01:37:57 #2 store] 
Configuration path: ?

[2022-05-06 01:37:57 #3 type] 
Type empleados.DepartamentoEntity is not enhanced.

[2022-05-06 01:37:57 #4 type] 
Type empleados.EmpleadoEntity is not enhanced.

[2022-05-06 01:37:57 #5 store] 
Database 'E:\DAM1Alu7\Programacion\UD09 _BDOO\db\empleados.odb' is closed by 9788@DESKTOP-U3H3V3J

------------------------------------------------------------------------------------------------------------------------

[2022-05-06 01:38:37 #1 store] 
Database 'E:\DAM1Alu7\Programacion\UD09 _BDOO\db\empleados.odb' is opened by 14048@DESKTOP-U3H3V3J

[2022-05-06 01:38:37 #2 store] 
Configuration path: ?

[2022-05-06 01:38:37 #3 type] 
Type empleados.DepartamentoEntity is not enhanced.

[2022-05-06 01:38:37 #4 type] 
Type empleados.EmpleadoEntity is not enhanced.

[2022-05-06 01:38:37 #5 store] 
Database 'E:\DAM1Alu7\Programacion\UD09 _BDOO\db\empleados.odb' is closed by 14048@DESKTOP-U3H3V3J

------------------------------------------------------------------------------------------------------------------------

[2022-05-06 01:39:02 #1 store] 
Database 'E:\DAM1Alu7\Programacion\UD09 _BDOO\db\empleados.odb' is opened by 11920@DESKTOP-U3H3V3J

[2022-05-06 01:39:02 #2 store] 
Configuration path: ?

[2022-05-06 01:39:02 #3 type] 
Type empleados.DepartamentoEntity is not enhanced.

[2022-05-06 01:39:02 #4 type] 
Type empleados.EmpleadoEntity is not enhanced.

[2022-05-06 01:39:02 #5 store] 
Database 'E:\DAM1Alu7\Programacion\UD09 _BDOO\db\empleados.odb' is closed by 11920@DESKTOP-U3H3V3J

------------------------------------------------------------------------------------------------------------------------

[2022-05-06 01:39:24 #1 store] 
Database 'E:\DAM1Alu7\Programacion\UD09 _BDOO\db\empleados.odb' is opened by 13608@DESKTOP-U3H3V3J

[2022-05-06 01:39:24 #2 store] 
Configuration path: ?

[2022-05-06 01:39:24 #3 type] 
Type empleados.DepartamentoEntity is not enhanced.

[2022-05-06 01:39:24 #4 type] 
Type empleados.EmpleadoEntity is not enhanced.

[2022-05-06 01:39:24 #5 store] 
Database 'E:\DAM1Alu7\Programacion\UD09 _BDOO\db\empleados.odb' is closed by 13608@DESKTOP-U3H3V3J

------------------------------------------------------------------------------------------------------------------------

[2022-05-06 01:39:52 #1 store] 
Database 'E:\DAM1Alu7\Programacion\UD09 _BDOO\db\empleados.odb' is opened by 6764@DESKTOP-U3H3V3J

[2022-05-06 01:39:52 #2 store] 
Configuration path: ?

[2022-05-06 01:39:52 #3 type] 
Type empleados.DepartamentoEntity is not enhanced.

[2022-05-06 01:39:52 #4 type] 
Type empleados.EmpleadoEntity is not enhanced.

[2022-05-06 01:39:52 #5 store] 
Database 'E:\DAM1Alu7\Programacion\UD09 _BDOO\db\empleados.odb' is closed by 6764@DESKTOP-U3H3V3J

------------------------------------------------------------------------------------------------------------------------

[2022-05-06 01:40:02 #1 store] 
Database 'E:\DAM1Alu7\Programacion\UD09 _BDOO\db\empleados.odb' is opened by 13808@DESKTOP-U3H3V3J

[2022-05-06 01:40:02 #2 store] 
Configuration path: ?

[2022-05-06 01:40:02 #3 type] 
Type empleados.DepartamentoEntity is not enhanced.

[2022-05-06 01:40:02 #4 type] 
Type empleados.EmpleadoEntity is not enhanced.

[2022-05-06 01:40:02 #5 store] 
Database 'E:\DAM1Alu7\Programacion\UD09 _BDOO\db\empleados.odb' is closed by 13808@DESKTOP-U3H3V3J

------------------------------------------------------------------------------------------------------------------------

[2022-05-06 01:41:17 #1 store] 
Database 'E:\DAM1Alu7\Programacion\UD09 _BDOO\db\empleados.odb' is opened by 10048@DESKTOP-U3H3V3J

[2022-05-06 01:41:17 #2 store] 
Configuration path: ?

[2022-05-06 01:41:17 #3 type] 
Type empleados.DepartamentoEntity is not enhanced.

[2022-05-06 01:41:17 #4 type] 
Type empleados.EmpleadoEntity is not enhanced.

[2022-05-06 01:41:17 #5 store] 
Database 'E:\DAM1Alu7\Programacion\UD09 _BDOO\db\empleados.odb' is closed by 10048@DESKTOP-U3H3V3J

------------------------------------------------------------------------------------------------------------------------

[2022-05-06 01:42:08 #1 store] 
Database 'E:\DAM1Alu7\Programacion\UD09 _BDOO\db\empleados.odb' is opened by 12068@DESKTOP-U3H3V3J

[2022-05-06 01:42:08 #2 store] 
Configuration path: ?

[2022-05-06 01:42:08 #3 type] 
Type empleados.DepartamentoEntity is not enhanced.

[2022-05-06 01:42:08 #4 type] 
Type empleados.EmpleadoEntity is not enhanced.

[2022-05-06 01:42:08 #5 store] 
Database 'E:\DAM1Alu7\Programacion\UD09 _BDOO\db\empleados.odb' is closed by 12068@DESKTOP-U3H3V3J

------------------------------------------------------------------------------------------------------------------------

[2022-05-06 01:57:59 #1 store] 
Database 'E:\DAM1Alu7\Programacion\UD09 _BDOO\db\empleados.odb' is opened by 8960@DESKTOP-U3H3V3J

[2022-05-06 01:57:59 #2 store] 
Configuration path: ?

[2022-05-06 01:57:59 #3 type] 
Type empleados.DepartamentoEntity is not enhanced.

[2022-05-06 01:57:59 #4 type] 
Type empleados.EmpleadoEntity is not enhanced.

------------------------------------------------------------------------------------------------------------------------

[2022-05-06 02:00:26 #1 store] 
Database 'E:\DAM1Alu7\Programacion\UD09 _BDOO\db\empleados.odb' is opened by 11280@DESKTOP-U3H3V3J

[2022-05-06 02:00:26 #2 store] 
Configuration path: ?

[2022-05-06 02:00:26 #3 type] 
Type empleados.DepartamentoEntity is not enhanced.

[2022-05-06 02:00:26 #4 type] 
Type empleados.EmpleadoEntity is not enhanced.

------------------------------------------------------------------------------------------------------------------------

[2022-05-06 02:05:06 #1 store] 
Database 'E:\DAM1Alu7\Programacion\UD09 _BDOO\db\empleados.odb' is opened by 6856@DESKTOP-U3H3V3J

[2022-05-06 02:05:06 #2 store] 
Configuration path: ?

[2022-05-06 02:05:06 #3 type] 
Type empleados.DepartamentoEntity is not enhanced.

[2022-05-06 02:05:06 #4 type] 
Type empleados.EmpleadoEntity is not enhanced.

[2022-05-06 02:05:06 #5 store] 
Database 'E:\DAM1Alu7\Programacion\UD09 _BDOO\db\empleados.odb' is closed by 6856@DESKTOP-U3H3V3J

------------------------------------------------------------------------------------------------------------------------

[2022-05-06 02:05:41 #1 store] 
Database 'E:\DAM1Alu7\Programacion\UD09 _BDOO\db\empleados.odb' is opened by 5840@DESKTOP-U3H3V3J

[2022-05-06 02:05:41 #2 store] 
Configuration path: ?

[2022-05-06 02:05:41 #3 type] 
Type empleados.DepartamentoEntity is not enhanced.

[2022-05-06 02:05:41 #4 type] 
Type empleados.EmpleadoEntity is not enhanced.

[2022-05-06 02:05:41 #5 store] 
Database 'E:\DAM1Alu7\Programacion\UD09 _BDOO\db\empleados.odb' is closed by 5840@DESKTOP-U3H3V3J

------------------------------------------------------------------------------------------------------------------------

[2022-05-06 02:12:06 #1 store] 
Database 'E:\DAM1Alu7\Programacion\UD09 _BDOO\db\empleados.odb' is opened by 13232@DESKTOP-U3H3V3J

[2022-05-06 02:12:06 #2 store] 
Configuration path: ?

[2022-05-06 02:12:06 #3 type] 
Type empleados.DepartamentoEntity is not enhanced.

[2022-05-06 02:12:06 #4 type] 
Type empleados.EmpleadoEntity is not enhanced.

[2022-05-06 02:12:07 #5 store] 
Database 'E:\DAM1Alu7\Programacion\UD09 _BDOO\db\empleados.odb' is closed by 13232@DESKTOP-U3H3V3J

------------------------------------------------------------------------------------------------------------------------

[2022-05-06 02:21:47 #1 store] 
Database 'E:\DAM1Alu7\Programacion\UD09 _BDOO\db\empleados.odb' is opened by 12724@DESKTOP-U3H3V3J

[2022-05-06 02:21:47 #2 store] 
Configuration path: ?

[2022-05-06 02:21:47 #3 type] 
Type empleados.DepartamentoEntity is not enhanced.

[2022-05-06 02:21:47 #4 type] 
Type empleados.EmpleadoEntity is not enhanced.

[2022-05-06 02:21:47 #5 store] 
Database 'E:\DAM1Alu7\Programacion\UD09 _BDOO\db\empleados.odb' is closed by 12724@DESKTOP-U3H3V3J

------------------------------------------------------------------------------------------------------------------------

[2022-05-06 02:36:58 #1 store] 
Database 'E:\DAM1Alu7\Programacion\UD09 _BDOO\db\empleados.odb' is opened by 13588@DESKTOP-U3H3V3J

[2022-05-06 02:36:58 #2 store] 
Configuration path: ?

[2022-05-06 02:36:58 #3 type] 
Type empleados.DepartamentoEntity is not enhanced.

[2022-05-06 02:36:58 #4 type] 
Type empleados.EmpleadoEntity is not enhanced.

[2022-05-06 02:36:58 #5 store] 
Database 'E:\DAM1Alu7\Programacion\UD09 _BDOO\db\empleados.odb' is closed by 13588@DESKTOP-U3H3V3J

------------------------------------------------------------------------------------------------------------------------

[2022-05-06 02:44:24 #1 store] 
Database 'E:\DAM1Alu7\Programacion\UD09 _BDOO\db\empleados.odb' is opened by 12296@DESKTOP-U3H3V3J

[2022-05-06 02:44:24 #2 store] 
Configuration path: ?

[2022-05-06 02:44:24 #3 type] 
Type empleados.DepartamentoEntity is not enhanced.

[2022-05-06 02:44:24 #4 type] 
Type empleados.EmpleadoEntity is not enhanced.

------------------------------------------------------------------------------------------------------------------------

[2022-05-06 02:44:38 #1 store] 
Database 'E:\DAM1Alu7\Programacion\UD09 _BDOO\db\empleados.odb' is opened by 1432@DESKTOP-U3H3V3J

[2022-05-06 02:44:38 #2 store] 
Configuration path: ?

[2022-05-06 02:44:38 #3 type] 
Type empleados.DepartamentoEntity is not enhanced.

[2022-05-06 02:44:38 #4 type] 
Type empleados.EmpleadoEntity is not enhanced.

[2022-05-06 02:44:38 #5 store] 
Database 'E:\DAM1Alu7\Programacion\UD09 _BDOO\db\empleados.odb' is closed by 1432@DESKTOP-U3H3V3J

