------------------------------------------------------------------------------------------------------------------------

[2022-05-07 01:51:38 #1 store] 
Database 'E:\DAM1Alu7\Programacion\UD09 _BDOO\db\empleados.odb' is opened by 2524@DESKTOP-U3H3V3J

[2022-05-07 01:51:38 #2 store] 
Configuration path: ?

[2022-05-07 01:51:38 #3 type] 
Type empleados.DepartamentoEntity is not enhanced.

[2022-05-07 01:51:38 #4 type] 
Type empleados.EmpleadoEntity is not enhanced.

[2022-05-07 01:51:38 #5 store] 
Database 'E:\DAM1Alu7\Programacion\UD09 _BDOO\db\empleados.odb' is closed by 2524@DESKTOP-U3H3V3J

------------------------------------------------------------------------------------------------------------------------

[2022-05-07 01:52:04 #1 store] 
Database 'E:\DAM1Alu7\Programacion\UD09 _BDOO\db\empleados.odb' is opened by 9944@DESKTOP-U3H3V3J

[2022-05-07 01:52:04 #2 store] 
Configuration path: ?

[2022-05-07 01:52:04 #3 type] 
Type empleados.DepartamentoEntity is not enhanced.

[2022-05-07 01:52:04 #4 type] 
Type empleados.EmpleadoEntity is not enhanced.

[2022-05-07 01:52:04 #5 store] 
Database 'E:\DAM1Alu7\Programacion\UD09 _BDOO\db\empleados.odb' is closed by 9944@DESKTOP-U3H3V3J

------------------------------------------------------------------------------------------------------------------------

[2022-05-07 01:55:13 #1 store] 
Database 'E:\DAM1Alu7\Programacion\UD09 _BDOO\db\empleados.odb' is opened by 12884@DESKTOP-U3H3V3J

[2022-05-07 01:55:13 #2 store] 
Configuration path: ?

[2022-05-07 01:55:13 #3 type] 
Type empleados.DepartamentoEntity is not enhanced.

[2022-05-07 01:55:13 #4 type] 
Type empleados.EmpleadoEntity is not enhanced.

------------------------------------------------------------------------------------------------------------------------

[2022-05-07 02:06:18 #1 store] 
Database 'E:\DAM1Alu7\Programacion\UD09 _BDOO\db\empleados.odb' is opened by 1028@DESKTOP-U3H3V3J

[2022-05-07 02:06:18 #2 store] 
Configuration path: ?

[2022-05-07 02:06:18 #3 type] 
Type empleados.DepartamentoEntity is not enhanced.

[2022-05-07 02:06:18 #4 type] 
Type empleados.EmpleadoEntity is not enhanced.

------------------------------------------------------------------------------------------------------------------------

[2022-05-07 02:06:37 #1 store] 
Database 'E:\DAM1Alu7\Programacion\UD09 _BDOO\db\empleados.odb' is opened by 14128@DESKTOP-U3H3V3J

[2022-05-07 02:06:37 #2 store] 
Configuration path: ?

[2022-05-07 02:06:37 #3 type] 
Type empleados.DepartamentoEntity is not enhanced.

[2022-05-07 02:06:37 #4 type] 
Type empleados.EmpleadoEntity is not enhanced.

------------------------------------------------------------------------------------------------------------------------

[2022-05-07 02:06:56 #1 store] 
Database 'E:\DAM1Alu7\Programacion\UD09 _BDOO\db\empleados.odb' is opened by 6100@DESKTOP-U3H3V3J

[2022-05-07 02:06:56 #2 store] 
Configuration path: ?

[2022-05-07 02:06:56 #3 type] 
Type empleados.DepartamentoEntity is not enhanced.

[2022-05-07 02:06:56 #4 type] 
Type empleados.EmpleadoEntity is not enhanced.

------------------------------------------------------------------------------------------------------------------------

[2022-05-07 02:07:19 #1 store] 
Database 'E:\DAM1Alu7\Programacion\UD09 _BDOO\db\empleados.odb' is opened by 7388@DESKTOP-U3H3V3J

[2022-05-07 02:07:19 #2 store] 
Configuration path: ?

[2022-05-07 02:07:19 #3 type] 
Type empleados.DepartamentoEntity is not enhanced.

[2022-05-07 02:07:19 #4 type] 
Type empleados.EmpleadoEntity is not enhanced.

------------------------------------------------------------------------------------------------------------------------

[2022-05-07 02:08:19 #1 store] 
Database 'E:\DAM1Alu7\Programacion\UD09 _BDOO\db\empleados.odb' is opened by 2408@DESKTOP-U3H3V3J

[2022-05-07 02:08:19 #2 store] 
Configuration path: ?

[2022-05-07 02:08:19 #3 type] 
Type empleados.DepartamentoEntity is not enhanced.

[2022-05-07 02:08:19 #4 type] 
Type empleados.EmpleadoEntity is not enhanced.

[2022-05-07 02:08:19 #5 store] 
Database 'E:\DAM1Alu7\Programacion\UD09 _BDOO\db\empleados.odb' is closed by 2408@DESKTOP-U3H3V3J

------------------------------------------------------------------------------------------------------------------------

[2022-05-07 02:08:29 #1 store] 
Database 'E:\DAM1Alu7\Programacion\UD09 _BDOO\db\empleados.odb' is opened by 9964@DESKTOP-U3H3V3J

[2022-05-07 02:08:29 #2 store] 
Configuration path: ?

[2022-05-07 02:08:29 #3 type] 
Type empleados.DepartamentoEntity is not enhanced.

[2022-05-07 02:08:29 #4 type] 
Type empleados.EmpleadoEntity is not enhanced.

------------------------------------------------------------------------------------------------------------------------

[2022-05-07 02:09:10 #1 store] 
Database 'E:\DAM1Alu7\Programacion\UD09 _BDOO\db\empleados.odb' is opened by 6508@DESKTOP-U3H3V3J

[2022-05-07 02:09:10 #2 store] 
Configuration path: ?

[2022-05-07 02:09:10 #3 type] 
Type empleados.DepartamentoEntity is not enhanced.

[2022-05-07 02:09:10 #4 type] 
Type empleados.EmpleadoEntity is not enhanced.

------------------------------------------------------------------------------------------------------------------------

[2022-05-07 02:09:34 #1 store] 
Database 'E:\DAM1Alu7\Programacion\UD09 _BDOO\db\empleados.odb' is opened by 6640@DESKTOP-U3H3V3J

[2022-05-07 02:09:34 #2 store] 
Configuration path: ?

[2022-05-07 02:09:34 #3 type] 
Type empleados.DepartamentoEntity is not enhanced.

[2022-05-07 02:09:34 #4 type] 
Type empleados.EmpleadoEntity is not enhanced.

[2022-05-07 02:09:34 #5 store] 
Database 'E:\DAM1Alu7\Programacion\UD09 _BDOO\db\empleados.odb' is closed by 6640@DESKTOP-U3H3V3J

