------------------------------------------------------------------------------------------------------------------------

[2022-05-08 13:59:19 #1 store] 
Database 'E:\DAM1Alu7\Programacion\UD09 _BDOO\db\empleados.odb' is opened by 9376@DESKTOP-U3H3V3J

[2022-05-08 13:59:19 #2 store] 
Configuration path: ?

[2022-05-08 13:59:19 #3 type] 
Type empleados.DepartamentoEntity is not enhanced.

[2022-05-08 13:59:19 #4 type] 
Type empleados.EmpleadoEntity is not enhanced.

------------------------------------------------------------------------------------------------------------------------

[2022-05-08 13:59:41 #1 store] 
Database 'E:\DAM1Alu7\Programacion\UD09 _BDOO\db\empleados.odb' is opened by 3892@DESKTOP-U3H3V3J

[2022-05-08 13:59:41 #2 store] 
Configuration path: ?

[2022-05-08 13:59:41 #3 type] 
Type empleados.DepartamentoEntity is not enhanced.

[2022-05-08 13:59:41 #4 type] 
Type empleados.EmpleadoEntity is not enhanced.

------------------------------------------------------------------------------------------------------------------------

[2022-05-08 14:09:48 #1 store] 
Database 'E:\DAM1Alu7\Programacion\UD09 _BDOO\db\empleados.odb' is opened by 5868@DESKTOP-U3H3V3J

[2022-05-08 14:09:48 #2 store] 
Configuration path: ?

[2022-05-08 14:09:49 #3 type] 
Type empleados.DepartamentoEntity is not enhanced.

[2022-05-08 14:09:49 #4 type] 
Type empleados.EmpleadoEntity is not enhanced.

------------------------------------------------------------------------------------------------------------------------

[2022-05-08 14:09:57 #1 store] 
Database 'E:\DAM1Alu7\Programacion\UD09 _BDOO\db\empleados.odb' is opened by 8300@DESKTOP-U3H3V3J

[2022-05-08 14:09:57 #2 store] 
Configuration path: ?

[2022-05-08 14:09:57 #3 type] 
Type empleados.DepartamentoEntity is not enhanced.

[2022-05-08 14:09:57 #4 type] 
Type empleados.EmpleadoEntity is not enhanced.

[2022-05-08 14:09:57 #5 store] 
Database 'E:\DAM1Alu7\Programacion\UD09 _BDOO\db\empleados.odb' is closed by 8300@DESKTOP-U3H3V3J

------------------------------------------------------------------------------------------------------------------------

[2022-05-08 14:30:44 #1 store] 
Database 'E:\DAM1Alu7\Programacion\UD09 _BDOO\db\empleados.odb' is opened by 9392@DESKTOP-U3H3V3J

[2022-05-08 14:30:44 #2 store] 
Configuration path: ?

[2022-05-08 14:30:45 #3 type] 
Type empleados.DepartamentoEntity is not enhanced.

[2022-05-08 14:30:45 #4 type] 
Type empleados.EmpleadoEntity is not enhanced.

------------------------------------------------------------------------------------------------------------------------

[2022-05-08 14:31:22 #1 store] 
Database 'E:\DAM1Alu7\Programacion\UD09 _BDOO\db\empleados.odb' is opened by 7692@DESKTOP-U3H3V3J

[2022-05-08 14:31:22 #2 store] 
Configuration path: ?

[2022-05-08 14:31:22 #3 type] 
Type empleados.DepartamentoEntity is not enhanced.

[2022-05-08 14:31:22 #4 type] 
Type empleados.EmpleadoEntity is not enhanced.

------------------------------------------------------------------------------------------------------------------------

[2022-05-08 14:33:06 #1 store] 
Database 'E:\DAM1Alu7\Programacion\UD09 _BDOO\db\empleados.odb' is opened by 9300@DESKTOP-U3H3V3J

[2022-05-08 14:33:06 #2 store] 
Configuration path: ?

[2022-05-08 14:33:06 #3 type] 
Type empleados.DepartamentoEntity is not enhanced.

[2022-05-08 14:33:06 #4 type] 
Type empleados.EmpleadoEntity is not enhanced.

[2022-05-08 14:33:06 #5 store] 
Database 'E:\DAM1Alu7\Programacion\UD09 _BDOO\db\empleados.odb' is closed by 9300@DESKTOP-U3H3V3J

------------------------------------------------------------------------------------------------------------------------

[2022-05-08 14:34:30 #1 store] 
Database 'E:\DAM1Alu7\Programacion\UD09 _BDOO\db\empleados.odb' is opened by 4160@DESKTOP-U3H3V3J

[2022-05-08 14:34:30 #2 store] 
Configuration path: ?

[2022-05-08 14:34:30 #3 type] 
Type empleados.DepartamentoEntity is not enhanced.

[2022-05-08 14:34:30 #4 type] 
Type empleados.EmpleadoEntity is not enhanced.

[2022-05-08 14:34:30 #5 store] 
Database 'E:\DAM1Alu7\Programacion\UD09 _BDOO\db\empleados.odb' is closed by 4160@DESKTOP-U3H3V3J

------------------------------------------------------------------------------------------------------------------------

[2022-05-08 14:34:38 #1 store] 
Database 'E:\DAM1Alu7\Programacion\UD09 _BDOO\db\empleados.odb' is opened by 9500@DESKTOP-U3H3V3J

[2022-05-08 14:34:38 #2 store] 
Configuration path: ?

[2022-05-08 14:34:38 #3 type] 
Type empleados.DepartamentoEntity is not enhanced.

[2022-05-08 14:34:38 #4 type] 
Type empleados.EmpleadoEntity is not enhanced.

[2022-05-08 14:34:39 #5 store] 
Database 'E:\DAM1Alu7\Programacion\UD09 _BDOO\db\empleados.odb' is closed by 9500@DESKTOP-U3H3V3J

------------------------------------------------------------------------------------------------------------------------

[2022-05-08 14:42:59 #1 store] 
Database 'E:\DAM1Alu7\Programacion\UD09 _BDOO\db\empleados.odb' is opened by 340@DESKTOP-U3H3V3J

[2022-05-08 14:42:59 #2 store] 
Configuration path: ?

[2022-05-08 14:42:59 #3 type] 
Type empleados.DepartamentoEntity is not enhanced.

[2022-05-08 14:42:59 #4 type] 
Type empleados.EmpleadoEntity is not enhanced.

------------------------------------------------------------------------------------------------------------------------

[2022-05-08 14:43:40 #1 store] 
Database 'E:\DAM1Alu7\Programacion\UD09 _BDOO\db\empleados.odb' is opened by 6164@DESKTOP-U3H3V3J

[2022-05-08 14:43:40 #2 store] 
Configuration path: ?

[2022-05-08 14:43:40 #3 type] 
Type empleados.DepartamentoEntity is not enhanced.

[2022-05-08 14:43:40 #4 type] 
Type empleados.EmpleadoEntity is not enhanced.

------------------------------------------------------------------------------------------------------------------------

[2022-05-08 14:44:53 #1 store] 
Database 'E:\DAM1Alu7\Programacion\UD09 _BDOO\db\empleados.odb' is opened by 7900@DESKTOP-U3H3V3J

[2022-05-08 14:44:53 #2 store] 
Configuration path: ?

[2022-05-08 14:44:53 #3 type] 
Type empleados.DepartamentoEntity is not enhanced.

[2022-05-08 14:44:53 #4 type] 
Type empleados.EmpleadoEntity is not enhanced.

[2022-05-08 14:44:54 #5 store] 
Database 'E:\DAM1Alu7\Programacion\UD09 _BDOO\db\empleados.odb' is closed by 7900@DESKTOP-U3H3V3J

------------------------------------------------------------------------------------------------------------------------

[2022-05-08 14:47:22 #1 store] 
Database 'E:\DAM1Alu7\Programacion\UD09 _BDOO\db\empleados.odb' is opened by 10048@DESKTOP-U3H3V3J

[2022-05-08 14:47:22 #2 store] 
Configuration path: ?

[2022-05-08 14:47:22 #3 type] 
Type empleados.DepartamentoEntity is not enhanced.

[2022-05-08 14:47:22 #4 type] 
Type empleados.EmpleadoEntity is not enhanced.

[2022-05-08 14:47:22 #5 store] 
Database 'E:\DAM1Alu7\Programacion\UD09 _BDOO\db\empleados.odb' is closed by 10048@DESKTOP-U3H3V3J

------------------------------------------------------------------------------------------------------------------------

[2022-05-08 14:56:13 #1 store] 
Database 'E:\DAM1Alu7\Programacion\UD09 _BDOO\db\empleados.odb' is opened by 5080@DESKTOP-U3H3V3J

[2022-05-08 14:56:13 #2 store] 
Configuration path: ?

[2022-05-08 14:56:13 #3 type] 
Type empleados.DepartamentoEntity is not enhanced.

[2022-05-08 14:56:13 #4 type] 
Type empleados.EmpleadoEntity is not enhanced.

------------------------------------------------------------------------------------------------------------------------

[2022-05-08 14:58:49 #1 store] 
Database 'E:\DAM1Alu7\Programacion\UD09 _BDOO\db\empleados.odb' is opened by 5872@DESKTOP-U3H3V3J

[2022-05-08 14:58:49 #2 store] 
Configuration path: ?

[2022-05-08 14:58:49 #3 type] 
Type empleados.DepartamentoEntity is not enhanced.

[2022-05-08 14:58:49 #4 type] 
Type empleados.EmpleadoEntity is not enhanced.

[2022-05-08 14:58:49 #5 store] 
Database 'E:\DAM1Alu7\Programacion\UD09 _BDOO\db\empleados.odb' is closed by 5872@DESKTOP-U3H3V3J

------------------------------------------------------------------------------------------------------------------------

[2022-05-08 14:59:21 #1 store] 
Database 'E:\DAM1Alu7\Programacion\UD09 _BDOO\db\empleados.odb' is opened by 5060@DESKTOP-U3H3V3J

[2022-05-08 14:59:21 #2 store] 
Configuration path: ?

[2022-05-08 14:59:21 #3 type] 
Type empleados.DepartamentoEntity is not enhanced.

[2022-05-08 14:59:21 #4 type] 
Type empleados.EmpleadoEntity is not enhanced.

[2022-05-08 14:59:21 #5 store] 
Database 'E:\DAM1Alu7\Programacion\UD09 _BDOO\db\empleados.odb' is closed by 5060@DESKTOP-U3H3V3J

------------------------------------------------------------------------------------------------------------------------

[2022-05-08 14:59:50 #1 store] 
Database 'E:\DAM1Alu7\Programacion\UD09 _BDOO\db\empleados.odb' is opened by 8736@DESKTOP-U3H3V3J

[2022-05-08 14:59:50 #2 store] 
Configuration path: ?

[2022-05-08 14:59:50 #3 type] 
Type empleados.DepartamentoEntity is not enhanced.

[2022-05-08 14:59:50 #4 type] 
Type empleados.EmpleadoEntity is not enhanced.

[2022-05-08 14:59:50 #5 store] 
Database 'E:\DAM1Alu7\Programacion\UD09 _BDOO\db\empleados.odb' is closed by 8736@DESKTOP-U3H3V3J

------------------------------------------------------------------------------------------------------------------------

[2022-05-08 15:54:11 #1 store] 
Database 'E:\DAM1Alu7\Programacion\UD09 _BDOO\db\empleados.odb' is opened by 2608@DESKTOP-U3H3V3J

[2022-05-08 15:54:11 #2 store] 
Configuration path: ?

[2022-05-08 15:54:11 #3 type] 
Type empleados.DepartamentoEntity is not enhanced.

[2022-05-08 15:54:11 #4 type] 
Type empleados.EmpleadoEntity is not enhanced.

------------------------------------------------------------------------------------------------------------------------

[2022-05-08 15:54:43 #1 store] 
Database 'E:\DAM1Alu7\Programacion\UD09 _BDOO\db\empleados.odb' is opened by 12684@DESKTOP-U3H3V3J

[2022-05-08 15:54:43 #2 store] 
Configuration path: ?

[2022-05-08 15:54:43 #3 type] 
Type empleados.DepartamentoEntity is not enhanced.

[2022-05-08 15:54:43 #4 type] 
Type empleados.EmpleadoEntity is not enhanced.

[2022-05-08 15:54:43 #5 store] 
Database 'E:\DAM1Alu7\Programacion\UD09 _BDOO\db\empleados.odb' is closed by 12684@DESKTOP-U3H3V3J

------------------------------------------------------------------------------------------------------------------------

[2022-05-08 15:55:59 #1 store] 
Database 'E:\DAM1Alu7\Programacion\UD09 _BDOO\db\empleados.odb' is opened by 9364@DESKTOP-U3H3V3J

[2022-05-08 15:55:59 #2 store] 
Configuration path: ?

[2022-05-08 15:55:59 #3 type] 
Type empleados.DepartamentoEntity is not enhanced.

[2022-05-08 15:55:59 #4 type] 
Type empleados.EmpleadoEntity is not enhanced.

[2022-05-08 15:56:00 #5 store] 
Database 'E:\DAM1Alu7\Programacion\UD09 _BDOO\db\empleados.odb' is closed by 9364@DESKTOP-U3H3V3J

------------------------------------------------------------------------------------------------------------------------

[2022-05-08 16:01:11 #1 store] 
Database 'E:\DAM1Alu7\Programacion\UD09 _BDOO\db\empleados.odb' is opened by 12512@DESKTOP-U3H3V3J

[2022-05-08 16:01:11 #2 store] 
Configuration path: ?

[2022-05-08 16:01:11 #3 type] 
Type empleados.DepartamentoEntity is not enhanced.

[2022-05-08 16:01:11 #4 type] 
Type empleados.EmpleadoEntity is not enhanced.

[2022-05-08 16:01:11 #5 store] 
Database 'E:\DAM1Alu7\Programacion\UD09 _BDOO\db\empleados.odb' is closed by 12512@DESKTOP-U3H3V3J

------------------------------------------------------------------------------------------------------------------------

[2022-05-08 17:12:58 #1 store] 
Database 'E:\DAM1Alu7\Programacion\UD09 _BDOO\db\empleados.odb' is opened by 6668@DESKTOP-U3H3V3J

[2022-05-08 17:12:58 #2 store] 
Configuration path: ?

[2022-05-08 17:12:58 #3 type] 
Type empleados.DepartamentoEntity is not enhanced.

[2022-05-08 17:12:58 #4 type] 
Type empleados.EmpleadoEntity is not enhanced.

[2022-05-08 17:12:58 #5 store] 
Database 'E:\DAM1Alu7\Programacion\UD09 _BDOO\db\empleados.odb' is closed by 6668@DESKTOP-U3H3V3J

------------------------------------------------------------------------------------------------------------------------

[2022-05-08 17:15:23 #1 store] 
Database 'E:\DAM1Alu7\Programacion\UD09 _BDOO\db\empleados.odb' is opened by 8360@DESKTOP-U3H3V3J

[2022-05-08 17:15:23 #2 store] 
Configuration path: ?

[2022-05-08 17:15:23 #3 type] 
Type empleados.DepartamentoEntity is not enhanced.

[2022-05-08 17:15:23 #4 type] 
Type empleados.EmpleadoEntity is not enhanced.

[2022-05-08 17:15:24 #5 store] 
Database 'E:\DAM1Alu7\Programacion\UD09 _BDOO\db\empleados.odb' is closed by 8360@DESKTOP-U3H3V3J

------------------------------------------------------------------------------------------------------------------------

[2022-05-08 17:25:48 #1 store] 
Database 'E:\DAM1Alu7\Programacion\UD09 _BDOO\db\empleados.odb' is opened by 7136@DESKTOP-U3H3V3J

[2022-05-08 17:25:48 #2 store] 
Configuration path: ?

[2022-05-08 17:25:48 #3 type] 
Type empleados.DepartamentoEntity is not enhanced.

[2022-05-08 17:25:48 #4 type] 
Type empleados.EmpleadoEntity is not enhanced.

[2022-05-08 17:25:48 #5 store] 
Database 'E:\DAM1Alu7\Programacion\UD09 _BDOO\db\empleados.odb' is closed by 7136@DESKTOP-U3H3V3J

------------------------------------------------------------------------------------------------------------------------

[2022-05-08 17:26:24 #1 store] 
Database 'E:\DAM1Alu7\Programacion\UD09 _BDOO\db\empleados.odb' is opened by 11320@DESKTOP-U3H3V3J

[2022-05-08 17:26:24 #2 store] 
Configuration path: ?

[2022-05-08 17:26:24 #3 type] 
Type empleados.DepartamentoEntity is not enhanced.

[2022-05-08 17:26:24 #4 type] 
Type empleados.EmpleadoEntity is not enhanced.

[2022-05-08 17:26:24 #5 store] 
Database 'E:\DAM1Alu7\Programacion\UD09 _BDOO\db\empleados.odb' is closed by 11320@DESKTOP-U3H3V3J

------------------------------------------------------------------------------------------------------------------------

[2022-05-08 17:26:35 #1 store] 
Database 'E:\DAM1Alu7\Programacion\UD09 _BDOO\db\empleados.odb' is opened by 8284@DESKTOP-U3H3V3J

[2022-05-08 17:26:35 #2 store] 
Configuration path: ?

[2022-05-08 17:26:35 #3 type] 
Type empleados.DepartamentoEntity is not enhanced.

[2022-05-08 17:26:35 #4 type] 
Type empleados.EmpleadoEntity is not enhanced.

[2022-05-08 17:26:35 #5 store] 
Database 'E:\DAM1Alu7\Programacion\UD09 _BDOO\db\empleados.odb' is closed by 8284@DESKTOP-U3H3V3J

------------------------------------------------------------------------------------------------------------------------

[2022-05-08 17:26:50 #1 store] 
Database 'E:\DAM1Alu7\Programacion\UD09 _BDOO\db\empleados.odb' is opened by 7712@DESKTOP-U3H3V3J

[2022-05-08 17:26:50 #2 store] 
Configuration path: ?

[2022-05-08 17:26:50 #3 type] 
Type empleados.DepartamentoEntity is not enhanced.

[2022-05-08 17:26:50 #4 type] 
Type empleados.EmpleadoEntity is not enhanced.

[2022-05-08 17:26:50 #5 store] 
Database 'E:\DAM1Alu7\Programacion\UD09 _BDOO\db\empleados.odb' is closed by 7712@DESKTOP-U3H3V3J

------------------------------------------------------------------------------------------------------------------------

[2022-05-08 17:27:07 #1 store] 
Database 'E:\DAM1Alu7\Programacion\UD09 _BDOO\db\empleados.odb' is opened by 8968@DESKTOP-U3H3V3J

[2022-05-08 17:27:07 #2 store] 
Configuration path: ?

[2022-05-08 17:27:07 #3 type] 
Type empleados.DepartamentoEntity is not enhanced.

[2022-05-08 17:27:07 #4 type] 
Type empleados.EmpleadoEntity is not enhanced.

[2022-05-08 17:27:07 #5 store] 
Database 'E:\DAM1Alu7\Programacion\UD09 _BDOO\db\empleados.odb' is closed by 8968@DESKTOP-U3H3V3J

------------------------------------------------------------------------------------------------------------------------

[2022-05-08 17:27:16 #1 store] 
Database 'E:\DAM1Alu7\Programacion\UD09 _BDOO\db\empleados.odb' is opened by 10428@DESKTOP-U3H3V3J

[2022-05-08 17:27:16 #2 store] 
Configuration path: ?

[2022-05-08 17:27:16 #3 type] 
Type empleados.DepartamentoEntity is not enhanced.

[2022-05-08 17:27:16 #4 type] 
Type empleados.EmpleadoEntity is not enhanced.

[2022-05-08 17:27:16 #5 store] 
Database 'E:\DAM1Alu7\Programacion\UD09 _BDOO\db\empleados.odb' is closed by 10428@DESKTOP-U3H3V3J

------------------------------------------------------------------------------------------------------------------------

[2022-05-08 17:27:33 #1 store] 
Database 'E:\DAM1Alu7\Programacion\UD09 _BDOO\db\empleados.odb' is opened by 11784@DESKTOP-U3H3V3J

[2022-05-08 17:27:33 #2 store] 
Configuration path: ?

[2022-05-08 17:27:33 #3 type] 
Type empleados.DepartamentoEntity is not enhanced.

[2022-05-08 17:27:33 #4 type] 
Type empleados.EmpleadoEntity is not enhanced.

[2022-05-08 17:27:33 #5 store] 
Database 'E:\DAM1Alu7\Programacion\UD09 _BDOO\db\empleados.odb' is closed by 11784@DESKTOP-U3H3V3J

------------------------------------------------------------------------------------------------------------------------

[2022-05-08 17:28:01 #1 store] 
Database 'E:\DAM1Alu7\Programacion\UD09 _BDOO\db\empleados.odb' is opened by 13272@DESKTOP-U3H3V3J

[2022-05-08 17:28:01 #2 store] 
Configuration path: ?

[2022-05-08 17:28:01 #3 type] 
Type empleados.DepartamentoEntity is not enhanced.

[2022-05-08 17:28:01 #4 type] 
Type empleados.EmpleadoEntity is not enhanced.

[2022-05-08 17:28:01 #5 store] 
Database 'E:\DAM1Alu7\Programacion\UD09 _BDOO\db\empleados.odb' is closed by 13272@DESKTOP-U3H3V3J

------------------------------------------------------------------------------------------------------------------------

[2022-05-08 17:28:10 #1 store] 
Database 'E:\DAM1Alu7\Programacion\UD09 _BDOO\db\empleados.odb' is opened by 12836@DESKTOP-U3H3V3J

[2022-05-08 17:28:10 #2 store] 
Configuration path: ?

[2022-05-08 17:28:10 #3 type] 
Type empleados.DepartamentoEntity is not enhanced.

[2022-05-08 17:28:10 #4 type] 
Type empleados.EmpleadoEntity is not enhanced.

[2022-05-08 17:28:10 #5 store] 
Database 'E:\DAM1Alu7\Programacion\UD09 _BDOO\db\empleados.odb' is closed by 12836@DESKTOP-U3H3V3J

------------------------------------------------------------------------------------------------------------------------

[2022-05-08 17:28:21 #1 store] 
Database 'E:\DAM1Alu7\Programacion\UD09 _BDOO\db\empleados.odb' is opened by 10928@DESKTOP-U3H3V3J

[2022-05-08 17:28:21 #2 store] 
Configuration path: ?

[2022-05-08 17:28:21 #3 type] 
Type empleados.DepartamentoEntity is not enhanced.

[2022-05-08 17:28:21 #4 type] 
Type empleados.EmpleadoEntity is not enhanced.

[2022-05-08 17:28:21 #5 store] 
Database 'E:\DAM1Alu7\Programacion\UD09 _BDOO\db\empleados.odb' is closed by 10928@DESKTOP-U3H3V3J

------------------------------------------------------------------------------------------------------------------------

[2022-05-08 17:35:27 #1 store] 
Database 'E:\DAM1Alu7\Programacion\UD09 _BDOO\db\empleados.odb' is opened by 4580@DESKTOP-U3H3V3J

[2022-05-08 17:35:27 #2 store] 
Configuration path: ?

[2022-05-08 17:35:27 #3 type] 
Type empleados.DepartamentoEntity is not enhanced.

[2022-05-08 17:35:27 #4 type] 
Type empleados.EmpleadoEntity is not enhanced.

[2022-05-08 17:35:27 #5 store] 
Database 'E:\DAM1Alu7\Programacion\UD09 _BDOO\db\empleados.odb' is closed by 4580@DESKTOP-U3H3V3J

------------------------------------------------------------------------------------------------------------------------

[2022-05-08 17:54:10 #1 store] 
Database 'E:\DAM1Alu7\Programacion\UD09 _BDOO\db\empleados.odb' is opened by 9448@DESKTOP-U3H3V3J

[2022-05-08 17:54:10 #2 store] 
Configuration path: ?

[2022-05-08 17:54:10 #3 type] 
Type empleados.DepartamentoEntity is not enhanced.

[2022-05-08 17:54:10 #4 type] 
Type empleados.EmpleadoEntity is not enhanced.

[2022-05-08 17:54:10 #5 query] 
Error during query execution: UPDATE EmpleadoEntity SET salario = salario + :c WHERE departamento.dptoId = :d ({c->1000,d->10})

[2022-05-08 17:54:10 #6 *] 
[ObjectDB 2.8.2] Unexpected exception (Error 990)
  Generated by OpenJDK 64-Bit Server VM 16.0.2 (on Windows 10 10.0).
Please report this error on http://www.objectdb.com/issue/new
com.objectdb.o.InternalException: null
com.objectdb.o.InternalException
	at com.objectdb.o.InternalException.f(InternalException.java:235)
	at com.objectdb.o.QRC.i(QRC.java:294)
	at com.objectdb.o.QRC.j(QRC.java:197)
	at com.objectdb.o.QRM.ZU(QRM.java:273)
	at com.objectdb.o.MST.ZU(MST.java:1019)
	at com.objectdb.o.WRA.ZU(WRA.java:313)
	at com.objectdb.o.WSM.ZU(WSM.java:117)
	at com.objectdb.o.QRR.k(QRR.java:260)
	at com.objectdb.o.QRR.i(QRR.java:154)
	at com.objectdb.jpa.JpaQuery.executeUpdate(JpaQuery.java:786)
	at empleados.AccesoBdatos.incrementarSalarioDepartamento(AccesoBdatos.java:136)
	at empleados.Main2.main(Main2.java:35)

------------------------------------------------------------------------------------------------------------------------

[2022-05-08 17:56:58 #1 store] 
Database 'E:\DAM1Alu7\Programacion\UD09 _BDOO\db\empleados.odb' is opened by 12012@DESKTOP-U3H3V3J

[2022-05-08 17:56:58 #2 store] 
Configuration path: ?

[2022-05-08 17:56:58 #3 type] 
Type empleados.DepartamentoEntity is not enhanced.

[2022-05-08 17:56:58 #4 type] 
Type empleados.EmpleadoEntity is not enhanced.

[2022-05-08 17:56:58 #5 store] 
Database 'E:\DAM1Alu7\Programacion\UD09 _BDOO\db\empleados.odb' is closed by 12012@DESKTOP-U3H3V3J

------------------------------------------------------------------------------------------------------------------------

[2022-05-08 18:18:13 #1 store] 
Database 'E:\DAM1Alu7\Programacion\UD09 _BDOO\db\empleados.odb' is opened by 13120@DESKTOP-U3H3V3J

[2022-05-08 18:18:13 #2 store] 
Configuration path: ?

[2022-05-08 18:18:13 #3 type] 
Type empleados.DepartamentoEntity is not enhanced.

[2022-05-08 18:18:13 #4 type] 
Type empleados.EmpleadoEntity is not enhanced.

------------------------------------------------------------------------------------------------------------------------

[2022-05-08 18:19:25 #1 store] 
Database 'E:\DAM1Alu7\Programacion\UD09 _BDOO\db\empleados.odb' is opened by 4504@DESKTOP-U3H3V3J

[2022-05-08 18:19:25 #2 store] 
Configuration path: ?

[2022-05-08 18:19:25 #3 type] 
Type empleados.DepartamentoEntity is not enhanced.

[2022-05-08 18:19:25 #4 type] 
Type empleados.EmpleadoEntity is not enhanced.

[2022-05-08 18:19:25 #5 store] 
Database 'E:\DAM1Alu7\Programacion\UD09 _BDOO\db\empleados.odb' is closed by 4504@DESKTOP-U3H3V3J

